2023-10-09 13:41:41.125  INFO 37760 --- [restartedMain] c.m.s.cruddemo.CruddemoApplication       : Starting CruddemoApplication on LAPTOP-HHIC26NU with PID 37760 (C:\Users\MOHIT\Desktop\2022_STS_Workspace\006_03-SpringBoot_SpringDataJpa_JpaRepository\target\classes started by MOHIT in C:\Users\MOHIT\Desktop\2022_STS_Workspace\006_03-SpringBoot_SpringDataJpa_JpaRepository)
2023-10-09 13:41:41.130  INFO 37760 --- [restartedMain] c.m.s.cruddemo.CruddemoApplication       : No active profile set, falling back to default profiles: default
2023-10-09 13:41:41.173  INFO 37760 --- [restartedMain] .e.DevToolsPropertyDefaultsPostProcessor : Devtools property defaults active! Set 'spring.devtools.add-properties' to 'false' to disable
2023-10-09 13:41:41.173  INFO 37760 --- [restartedMain] .e.DevToolsPropertyDefaultsPostProcessor : For additional web related logging consider setting the 'logging.level.web' property to 'DEBUG'
2023-10-09 13:41:42.066  INFO 37760 --- [restartedMain] .s.d.r.c.RepositoryConfigurationDelegate : Bootstrapping Spring Data repositories in DEFAULT mode.
2023-10-09 13:41:42.121  INFO 37760 --- [restartedMain] .s.d.r.c.RepositoryConfigurationDelegate : Finished Spring Data repository scanning in 47ms. Found 1 repository interfaces.
2023-10-09 13:41:42.494  INFO 37760 --- [restartedMain] trationDelegate$BeanPostProcessorChecker : Bean 'org.springframework.transaction.annotation.ProxyTransactionManagementConfiguration' of type [org.springframework.transaction.annotation.ProxyTransactionManagementConfiguration$$EnhancerBySpringCGLIB$$54d32896] is not eligible for getting processed by all BeanPostProcessors (for example: not eligible for auto-proxying)
2023-10-09 13:41:42.871  INFO 37760 --- [restartedMain] o.s.b.w.embedded.tomcat.TomcatWebServer  : Tomcat initialized with port(s): 8055 (http)
2023-10-09 13:41:42.891  INFO 37760 --- [restartedMain] o.apache.catalina.core.StandardService   : Starting service [Tomcat]
2023-10-09 13:41:42.892  INFO 37760 --- [restartedMain] org.apache.catalina.core.StandardEngine  : Starting Servlet Engine: Apache Tomcat/9.0.12
2023-10-09 13:41:42.900  INFO 37760 --- [restartedMain] o.a.catalina.core.AprLifecycleListener   : The APR based Apache Tomcat Native library which allows optimal performance in production environments was not found on the java.library.path: [C:\Users\MOHIT\Desktop\Softwares\sts-4.13.0.RELEASE\plugins\org.eclipse.justj.openjdk.hotspot.jre.full.win32.x86_64_17.0.1.v20211116-1657\jre\bin;C:\WINDOWS\Sun\Java\bin;C:\WINDOWS\system32;C:\WINDOWS;C:/Users/MOHIT/Desktop/Softwares/sts-4.13.0.RELEASE//plugins/org.eclipse.justj.openjdk.hotspot.jre.full.win32.x86_64_17.0.1.v20211116-1657/jre/bin/server;C:/Users/MOHIT/Desktop/Softwares/sts-4.13.0.RELEASE//plugins/org.eclipse.justj.openjdk.hotspot.jre.full.win32.x86_64_17.0.1.v20211116-1657/jre/bin;C:\Program Files (x86)\Common Files\Oracle\Java\javapath;C:\WINDOWS\system32;C:\WINDOWS;C:\WINDOWS\System32\Wbem;C:\WINDOWS\System32\WindowsPowerShell\v1.0\;C:\WINDOWS\System32\OpenSSH\;C:\Program Files\MySQL\MySQL Server 8.0\bin;C:\Program Files\Git\cmd;C:\Program Files\Docker\Docker\resources\bin;C:\mongosh-1.10.5\bin;C:\Program Files\MongoDB\Server\7.0\bin;C:\ProgramData\chocolatey\bin;C:\Program Files\nodejs\;C:\Users\MOHIT\AppData\Local\Microsoft\WindowsApps;C:\Windows\System32\cmd.exe;;C:\Users\MOHIT\AppData\Local\Programs\Microsoft VS Code\bin;C:\Users\MOHIT\AppData\Roaming\npm;C:\Users\MOHIT\Desktop\Softwares\sts-4.13.0.RELEASE;;.]
2023-10-09 13:41:43.013  INFO 37760 --- [restartedMain] o.a.c.c.C.[.[.[/employee-jpaRepository]  : Initializing Spring embedded WebApplicationContext
2023-10-09 13:41:43.013  INFO 37760 --- [restartedMain] o.s.web.context.ContextLoader            : Root WebApplicationContext: initialization completed in 1840 ms
2023-10-09 13:41:43.351  INFO 37760 --- [restartedMain] o.s.b.w.servlet.FilterRegistrationBean   : Mapping filter: 'characterEncodingFilter' to: [/*]
2023-10-09 13:41:43.352  INFO 37760 --- [restartedMain] o.s.b.w.servlet.FilterRegistrationBean   : Mapping filter: 'webMvcMetricsFilter' to: [/*]
2023-10-09 13:41:43.352  INFO 37760 --- [restartedMain] o.s.b.w.servlet.FilterRegistrationBean   : Mapping filter: 'hiddenHttpMethodFilter' to: [/*]
2023-10-09 13:41:43.352  INFO 37760 --- [restartedMain] o.s.b.w.servlet.FilterRegistrationBean   : Mapping filter: 'formContentFilter' to: [/*]
2023-10-09 13:41:43.353  INFO 37760 --- [restartedMain] o.s.b.w.servlet.FilterRegistrationBean   : Mapping filter: 'requestContextFilter' to: [/*]
2023-10-09 13:41:43.353  INFO 37760 --- [restartedMain] o.s.b.w.servlet.FilterRegistrationBean   : Mapping filter: 'httpTraceFilter' to: [/*]
2023-10-09 13:41:43.353  INFO 37760 --- [restartedMain] o.s.b.w.servlet.ServletRegistrationBean  : Servlet dispatcherServlet mapped to [/]
2023-10-09 13:41:43.437  INFO 37760 --- [restartedMain] com.zaxxer.hikari.HikariDataSource       : HikariPool-1 - Starting...
2023-10-09 13:41:43.760  INFO 37760 --- [restartedMain] com.zaxxer.hikari.HikariDataSource       : HikariPool-1 - Start completed.
2023-10-09 13:41:43.813  INFO 37760 --- [restartedMain] o.hibernate.jpa.internal.util.LogHelper  : HHH000204: Processing PersistenceUnitInfo [
	name: default
	...]
2023-10-09 13:41:43.918  INFO 37760 --- [restartedMain] org.hibernate.Version                    : HHH000412: Hibernate Core {5.3.7.Final}
2023-10-09 13:41:43.920  INFO 37760 --- [restartedMain] org.hibernate.cfg.Environment            : HHH000206: hibernate.properties not found
2023-10-09 13:41:44.126  INFO 37760 --- [restartedMain] o.hibernate.annotations.common.Version   : HCANN000001: Hibernate Commons Annotations {5.0.4.Final}
2023-10-09 13:41:44.287  INFO 37760 --- [restartedMain] org.hibernate.dialect.Dialect            : HHH000400: Using dialect: org.hibernate.dialect.MySQL5Dialect
2023-10-09 13:41:44.981  INFO 37760 --- [restartedMain] j.LocalContainerEntityManagerFactoryBean : Initialized JPA EntityManagerFactory for persistence unit 'default'
2023-10-09 13:41:45.021  INFO 37760 --- [restartedMain] o.s.b.d.a.OptionalLiveReloadServer       : LiveReload server is running on port 35729
2023-10-09 13:41:45.461  INFO 37760 --- [restartedMain] o.s.s.concurrent.ThreadPoolTaskExecutor  : Initializing ExecutorService 'applicationTaskExecutor'
2023-10-09 13:41:45.518  WARN 37760 --- [restartedMain] aWebConfiguration$JpaWebMvcConfiguration : spring.jpa.open-in-view is enabled by default. Therefore, database queries may be performed during view rendering. Explicitly configure spring.jpa.open-in-view to disable this warning
2023-10-09 13:41:45.844  INFO 37760 --- [restartedMain] o.s.b.a.e.web.EndpointLinksResolver      : Exposing 17 endpoint(s) beneath base path '/actuator'
2023-10-09 13:41:45.912  INFO 37760 --- [restartedMain] o.s.b.w.embedded.tomcat.TomcatWebServer  : Tomcat started on port(s): 8055 (http) with context path '/employee-jpaRepository'
2023-10-09 13:41:45.916  INFO 37760 --- [restartedMain] c.m.s.cruddemo.CruddemoApplication       : Started CruddemoApplication in 5.05 seconds (JVM running for 5.784)
2023-10-09 13:41:48.304  INFO 37760 --- [RMI TCP Connection(3)-127.0.0.1] o.a.c.c.C.[.[.[/employee-jpaRepository]  : Initializing Spring DispatcherServlet 'dispatcherServlet'
2023-10-09 13:41:48.305  INFO 37760 --- [RMI TCP Connection(3)-127.0.0.1] o.s.web.servlet.DispatcherServlet        : Initializing Servlet 'dispatcherServlet'
2023-10-09 13:41:48.313  INFO 37760 --- [RMI TCP Connection(3)-127.0.0.1] o.s.web.servlet.DispatcherServlet        : Completed initialization in 8 ms
2023-10-09 13:45:28.939  INFO 37760 --- [http-nio-8055-exec-2] o.h.h.i.QueryTranslatorFactoryInitiator  : HHH000397: Using ASTQueryTranslatorFactory
2023-10-09 13:45:44.866  WARN 37760 --- [http-nio-8055-exec-6] .m.m.a.ExceptionHandlerExceptionResolver : Resolved [org.springframework.data.mapping.PropertyReferenceException: No property employees22 found for type Employee!]
2023-10-09 13:46:04.441  WARN 37760 --- [http-nio-8055-exec-5] .m.m.a.ExceptionHandlerExceptionResolver : Resolved [org.springframework.web.bind.MissingPathVariableException: Missing URI template variable 'employeeId' for method parameter of type int]
2023-10-09 13:46:16.137  INFO 37760 --- [http-nio-8055-exec-3] c.m.s.c.rest.EmployeeRestController      : Finding Employee by ID:1
2023-10-09 13:47:46.594  INFO 37760 --- [Thread-6] o.s.s.concurrent.ThreadPoolTaskExecutor  : Shutting down ExecutorService 'applicationTaskExecutor'
2023-10-09 13:47:46.595  INFO 37760 --- [Thread-6] j.LocalContainerEntityManagerFactoryBean : Closing JPA EntityManagerFactory for persistence unit 'default'
2023-10-09 13:47:46.597  INFO 37760 --- [Thread-6] com.zaxxer.hikari.HikariDataSource       : HikariPool-1 - Shutdown initiated...
2023-10-09 13:47:46.604  INFO 37760 --- [Thread-6] com.zaxxer.hikari.HikariDataSource       : HikariPool-1 - Shutdown completed.
2023-10-09 13:47:46.708  INFO 37760 --- [restartedMain] c.m.s.cruddemo.CruddemoApplication       : Starting CruddemoApplication on LAPTOP-HHIC26NU with PID 37760 (C:\Users\MOHIT\Desktop\2022_STS_Workspace\006_03-SpringBoot_SpringDataJpa_JpaRepository\target\classes started by MOHIT in C:\Users\MOHIT\Desktop\2022_STS_Workspace\006_03-SpringBoot_SpringDataJpa_JpaRepository)
2023-10-09 13:47:46.709  INFO 37760 --- [restartedMain] c.m.s.cruddemo.CruddemoApplication       : No active profile set, falling back to default profiles: default
2023-10-09 13:47:47.004  INFO 37760 --- [restartedMain] .s.d.r.c.RepositoryConfigurationDelegate : Bootstrapping Spring Data repositories in DEFAULT mode.
2023-10-09 13:47:47.019  INFO 37760 --- [restartedMain] .s.d.r.c.RepositoryConfigurationDelegate : Finished Spring Data repository scanning in 15ms. Found 1 repository interfaces.
2023-10-09 13:47:47.065  INFO 37760 --- [restartedMain] trationDelegate$BeanPostProcessorChecker : Bean 'org.springframework.transaction.annotation.ProxyTransactionManagementConfiguration' of type [org.springframework.transaction.annotation.ProxyTransactionManagementConfiguration$$EnhancerBySpringCGLIB$$54d32896] is not eligible for getting processed by all BeanPostProcessors (for example: not eligible for auto-proxying)
2023-10-09 13:47:47.126  INFO 37760 --- [restartedMain] o.s.b.w.embedded.tomcat.TomcatWebServer  : Tomcat initialized with port(s): 8055 (http)
2023-10-09 13:47:47.127  INFO 37760 --- [restartedMain] o.apache.catalina.core.StandardService   : Starting service [Tomcat]
2023-10-09 13:47:47.127  INFO 37760 --- [restartedMain] org.apache.catalina.core.StandardEngine  : Starting Servlet Engine: Apache Tomcat/9.0.12
2023-10-09 13:47:47.143  INFO 37760 --- [restartedMain] o.a.c.c.C.[.[.[/employee-jpaRepository]  : Initializing Spring embedded WebApplicationContext
2023-10-09 13:47:47.143  INFO 37760 --- [restartedMain] o.s.web.context.ContextLoader            : Root WebApplicationContext: initialization completed in 432 ms
2023-10-09 13:47:47.272  INFO 37760 --- [restartedMain] o.s.b.w.servlet.FilterRegistrationBean   : Mapping filter: 'characterEncodingFilter' to: [/*]
2023-10-09 13:47:47.272  INFO 37760 --- [restartedMain] o.s.b.w.servlet.FilterRegistrationBean   : Mapping filter: 'webMvcMetricsFilter' to: [/*]
2023-10-09 13:47:47.272  INFO 37760 --- [restartedMain] o.s.b.w.servlet.FilterRegistrationBean   : Mapping filter: 'hiddenHttpMethodFilter' to: [/*]
2023-10-09 13:47:47.272  INFO 37760 --- [restartedMain] o.s.b.w.servlet.FilterRegistrationBean   : Mapping filter: 'formContentFilter' to: [/*]
2023-10-09 13:47:47.272  INFO 37760 --- [restartedMain] o.s.b.w.servlet.FilterRegistrationBean   : Mapping filter: 'requestContextFilter' to: [/*]
2023-10-09 13:47:47.272  INFO 37760 --- [restartedMain] o.s.b.w.servlet.FilterRegistrationBean   : Mapping filter: 'httpTraceFilter' to: [/*]
2023-10-09 13:47:47.273  INFO 37760 --- [restartedMain] o.s.b.w.servlet.ServletRegistrationBean  : Servlet dispatcherServlet mapped to [/]
2023-10-09 13:47:47.292  INFO 37760 --- [restartedMain] com.zaxxer.hikari.HikariDataSource       : HikariPool-2 - Starting...
2023-10-09 13:47:47.309  INFO 37760 --- [restartedMain] com.zaxxer.hikari.HikariDataSource       : HikariPool-2 - Start completed.
2023-10-09 13:47:47.318  INFO 37760 --- [restartedMain] o.hibernate.jpa.internal.util.LogHelper  : HHH000204: Processing PersistenceUnitInfo [
	name: default
	...]
2023-10-09 13:47:47.326  INFO 37760 --- [restartedMain] org.hibernate.dialect.Dialect            : HHH000400: Using dialect: org.hibernate.dialect.MySQL5Dialect
2023-10-09 13:47:47.356  INFO 37760 --- [restartedMain] j.LocalContainerEntityManagerFactoryBean : Initialized JPA EntityManagerFactory for persistence unit 'default'
2023-10-09 13:47:47.370  INFO 37760 --- [restartedMain] o.s.b.d.a.OptionalLiveReloadServer       : LiveReload server is running on port 35729
2023-10-09 13:47:47.500  INFO 37760 --- [restartedMain] o.s.s.concurrent.ThreadPoolTaskExecutor  : Initializing ExecutorService 'applicationTaskExecutor'
2023-10-09 13:47:47.506  WARN 37760 --- [restartedMain] aWebConfiguration$JpaWebMvcConfiguration : spring.jpa.open-in-view is enabled by default. Therefore, database queries may be performed during view rendering. Explicitly configure spring.jpa.open-in-view to disable this warning
2023-10-09 13:47:47.653  INFO 37760 --- [restartedMain] o.s.b.a.e.web.EndpointLinksResolver      : Exposing 17 endpoint(s) beneath base path '/actuator'
2023-10-09 13:47:47.681  INFO 37760 --- [restartedMain] o.s.b.w.embedded.tomcat.TomcatWebServer  : Tomcat started on port(s): 8055 (http) with context path '/employee-jpaRepository'
2023-10-09 13:47:47.682  INFO 37760 --- [restartedMain] c.m.s.cruddemo.CruddemoApplication       : Started CruddemoApplication in 0.999 seconds (JVM running for 367.55)
2023-10-09 13:47:47.686  INFO 37760 --- [restartedMain] .ConditionEvaluationDeltaLoggingListener : Condition evaluation unchanged
2023-10-09 13:47:52.134  INFO 37760 --- [Thread-11] o.s.s.concurrent.ThreadPoolTaskExecutor  : Shutting down ExecutorService 'applicationTaskExecutor'
2023-10-09 13:47:52.135  INFO 37760 --- [Thread-11] j.LocalContainerEntityManagerFactoryBean : Closing JPA EntityManagerFactory for persistence unit 'default'
2023-10-09 13:47:52.135  INFO 37760 --- [Thread-11] com.zaxxer.hikari.HikariDataSource       : HikariPool-2 - Shutdown initiated...
2023-10-09 13:47:52.142  INFO 37760 --- [Thread-11] com.zaxxer.hikari.HikariDataSource       : HikariPool-2 - Shutdown completed.
2023-10-09 13:47:52.266  INFO 37760 --- [restartedMain] c.m.s.cruddemo.CruddemoApplication       : Starting CruddemoApplication on LAPTOP-HHIC26NU with PID 37760 (C:\Users\MOHIT\Desktop\2022_STS_Workspace\006_03-SpringBoot_SpringDataJpa_JpaRepository\target\classes started by MOHIT in C:\Users\MOHIT\Desktop\2022_STS_Workspace\006_03-SpringBoot_SpringDataJpa_JpaRepository)
2023-10-09 13:47:52.266  INFO 37760 --- [restartedMain] c.m.s.cruddemo.CruddemoApplication       : No active profile set, falling back to default profiles: default
2023-10-09 13:47:52.557  INFO 37760 --- [restartedMain] .s.d.r.c.RepositoryConfigurationDelegate : Bootstrapping Spring Data repositories in DEFAULT mode.
2023-10-09 13:47:52.565  INFO 37760 --- [restartedMain] .s.d.r.c.RepositoryConfigurationDelegate : Finished Spring Data repository scanning in 8ms. Found 1 repository interfaces.
2023-10-09 13:47:52.607  INFO 37760 --- [restartedMain] trationDelegate$BeanPostProcessorChecker : Bean 'org.springframework.transaction.annotation.ProxyTransactionManagementConfiguration' of type [org.springframework.transaction.annotation.ProxyTransactionManagementConfiguration$$EnhancerBySpringCGLIB$$54d32896] is not eligible for getting processed by all BeanPostProcessors (for example: not eligible for auto-proxying)
2023-10-09 13:47:52.656  INFO 37760 --- [restartedMain] o.s.b.w.embedded.tomcat.TomcatWebServer  : Tomcat initialized with port(s): 8055 (http)
2023-10-09 13:47:52.656  INFO 37760 --- [restartedMain] o.apache.catalina.core.StandardService   : Starting service [Tomcat]
2023-10-09 13:47:52.656  INFO 37760 --- [restartedMain] org.apache.catalina.core.StandardEngine  : Starting Servlet Engine: Apache Tomcat/9.0.12
2023-10-09 13:47:52.682  INFO 37760 --- [restartedMain] o.a.c.c.C.[.[.[/employee-jpaRepository]  : Initializing Spring embedded WebApplicationContext
2023-10-09 13:47:52.682  INFO 37760 --- [restartedMain] o.s.web.context.ContextLoader            : Root WebApplicationContext: initialization completed in 413 ms
2023-10-09 13:47:52.832  INFO 37760 --- [restartedMain] o.s.b.w.servlet.FilterRegistrationBean   : Mapping filter: 'characterEncodingFilter' to: [/*]
2023-10-09 13:47:52.832  INFO 37760 --- [restartedMain] o.s.b.w.servlet.FilterRegistrationBean   : Mapping filter: 'webMvcMetricsFilter' to: [/*]
2023-10-09 13:47:52.832  INFO 37760 --- [restartedMain] o.s.b.w.servlet.FilterRegistrationBean   : Mapping filter: 'hiddenHttpMethodFilter' to: [/*]
2023-10-09 13:47:52.832  INFO 37760 --- [restartedMain] o.s.b.w.servlet.FilterRegistrationBean   : Mapping filter: 'formContentFilter' to: [/*]
2023-10-09 13:47:52.832  INFO 37760 --- [restartedMain] o.s.b.w.servlet.FilterRegistrationBean   : Mapping filter: 'requestContextFilter' to: [/*]
2023-10-09 13:47:52.832  INFO 37760 --- [restartedMain] o.s.b.w.servlet.FilterRegistrationBean   : Mapping filter: 'httpTraceFilter' to: [/*]
2023-10-09 13:47:52.832  INFO 37760 --- [restartedMain] o.s.b.w.servlet.ServletRegistrationBean  : Servlet dispatcherServlet mapped to [/]
2023-10-09 13:47:52.852  INFO 37760 --- [restartedMain] com.zaxxer.hikari.HikariDataSource       : HikariPool-3 - Starting...
2023-10-09 13:47:52.881  INFO 37760 --- [restartedMain] com.zaxxer.hikari.HikariDataSource       : HikariPool-3 - Start completed.
2023-10-09 13:47:52.886  INFO 37760 --- [restartedMain] o.hibernate.jpa.internal.util.LogHelper  : HHH000204: Processing PersistenceUnitInfo [
	name: default
	...]
2023-10-09 13:47:52.895  INFO 37760 --- [restartedMain] org.hibernate.dialect.Dialect            : HHH000400: Using dialect: org.hibernate.dialect.MySQL5Dialect
2023-10-09 13:47:52.927  INFO 37760 --- [restartedMain] j.LocalContainerEntityManagerFactoryBean : Initialized JPA EntityManagerFactory for persistence unit 'default'
2023-10-09 13:47:52.941  INFO 37760 --- [restartedMain] o.s.b.d.a.OptionalLiveReloadServer       : LiveReload server is running on port 35729
2023-10-09 13:47:53.037  INFO 37760 --- [restartedMain] o.s.s.concurrent.ThreadPoolTaskExecutor  : Initializing ExecutorService 'applicationTaskExecutor'
2023-10-09 13:47:53.044  WARN 37760 --- [restartedMain] aWebConfiguration$JpaWebMvcConfiguration : spring.jpa.open-in-view is enabled by default. Therefore, database queries may be performed during view rendering. Explicitly configure spring.jpa.open-in-view to disable this warning
2023-10-09 13:47:53.191  INFO 37760 --- [restartedMain] o.s.b.a.e.web.EndpointLinksResolver      : Exposing 17 endpoint(s) beneath base path '/actuator'
2023-10-09 13:47:53.223  INFO 37760 --- [restartedMain] o.s.b.w.embedded.tomcat.TomcatWebServer  : Tomcat started on port(s): 8055 (http) with context path '/employee-jpaRepository'
2023-10-09 13:47:53.223  INFO 37760 --- [restartedMain] c.m.s.cruddemo.CruddemoApplication       : Started CruddemoApplication in 0.977 seconds (JVM running for 373.091)
2023-10-09 13:47:53.227  INFO 37760 --- [restartedMain] .ConditionEvaluationDeltaLoggingListener : Condition evaluation unchanged
2023-10-09 13:47:55.233  INFO 37760 --- [http-nio-8055-exec-2] o.a.c.c.C.[.[.[/employee-jpaRepository]  : Initializing Spring DispatcherServlet 'dispatcherServlet'
2023-10-09 13:47:55.233  INFO 37760 --- [http-nio-8055-exec-2] o.s.web.servlet.DispatcherServlet        : Initializing Servlet 'dispatcherServlet'
2023-10-09 13:47:55.237  INFO 37760 --- [http-nio-8055-exec-2] o.s.web.servlet.DispatcherServlet        : Completed initialization in 3 ms
2023-10-09 13:48:02.356  INFO 37760 --- [http-nio-8055-exec-3] c.m.s.c.rest.EmployeeRestController      : Finding Employee by ID:1
2023-10-09 16:01:42.737  WARN 37760 --- [HikariPool-3 housekeeper] com.zaxxer.hikari.pool.HikariPool        : HikariPool-3 - Thread starvation or clock leap detected (housekeeper delta=2m18s922ms793µs100ns).
2023-10-09 18:08:33.546  INFO 37760 --- [RMI TCP Connection(269)-127.0.0.1] inMXBeanRegistrar$SpringApplicationAdmin : Application shutdown requested.
2023-10-09 18:08:33.577  INFO 37760 --- [RMI TCP Connection(269)-127.0.0.1] o.s.s.concurrent.ThreadPoolTaskExecutor  : Shutting down ExecutorService 'applicationTaskExecutor'
2023-10-09 18:08:33.579  INFO 37760 --- [RMI TCP Connection(269)-127.0.0.1] j.LocalContainerEntityManagerFactoryBean : Closing JPA EntityManagerFactory for persistence unit 'default'
2023-10-09 18:08:33.586  INFO 37760 --- [RMI TCP Connection(269)-127.0.0.1] com.zaxxer.hikari.HikariDataSource       : HikariPool-3 - Shutdown initiated...
2023-10-09 18:08:33.593  INFO 37760 --- [RMI TCP Connection(269)-127.0.0.1] com.zaxxer.hikari.HikariDataSource       : HikariPool-3 - Shutdown completed.
